[2025-03-31 13:42:01] local.INFO: Full access check {"module":"dashboard","column":"dashboard","value":1} 
[2025-03-31 13:42:01] local.INFO: Full access check {"module":"leads","column":"leads","value":1} 
[2025-03-31 13:42:01] local.INFO: Full access check {"module":"quotes","column":"quotes","value":0} 
[2025-03-31 13:42:01] local.INFO: Full access check {"module":"activities","column":"activities","value":0} 
[2025-03-31 13:42:01] local.INFO: Full access check {"module":"contacts","column":"contacts","value":0} 
[2025-03-31 13:42:01] local.INFO: Full access check {"module":"courses","column":"courses","value":0} 
[2025-03-31 13:42:01] local.INFO: Full access check {"module":"settings","column":"settings","value":0} 
[2025-03-31 13:42:01] local.INFO: Logging message to Betterstack {"message":"LoginSessionBo data converted to array","level":200,"context":{"user":{"name":"suraj","email":"shetty44444@gmail.com","isAuthenticated":true,"rememberToken":null,"emailVerifiedAt":null},"modules":[{"model_name":"Dashboard","model_slug":"dashboard","model_icon":"LayoutGrid"},{"model_name":"Leads","model_slug":"leads","model_icon":"Headset"},{"model_name":"Quotes","model_slug":"quotes","model_icon":"Quote"},{"model_name":"Activities","model_slug":"activities","model_icon":"SquareActivity"},{"model_name":"Contacts","model_slug":"contacts","model_icon":"Contact"},{"model_name":"Courses","model_slug":"courses","model_icon":"Book"},{"model_name":"Settings","model_slug":"settings","model_icon":"Settings"}],"fullAccessList":{"dashboard":true,"leads":true,"quotes":false,"activities":false,"contacts":false,"courses":false,"settings":false},"moduleAccessList":{"dashboard":{"view":true},"leads":{"view":true},"quotes":{"view":true},"activities":{"view":false},"contacts":{"view":false},"courses":{"view":false},"settings":{"view":false}},"sideBarMenu":[{"model_name":"Dashboard","model_slug":"dashboard","model_icon":"LayoutGrid"},{"model_name":"Leads","model_slug":"leads","model_icon":"Headset"},{"model_name":"Quotes","model_slug":"quotes","model_icon":"Quote"}]}} 
[2025-03-31 14:39:06] local.INFO: Destroying session  
[2025-03-31 14:41:50] local.INFO: Full access check {"module":"dashboard","column":"dashboard","value":1} 
[2025-03-31 14:41:50] local.INFO: Full access check {"module":"leads","column":"leads","value":1} 
[2025-03-31 14:41:50] local.INFO: Full access check {"module":"quotes","column":"quotes","value":0} 
[2025-03-31 14:41:50] local.INFO: Full access check {"module":"activities","column":"activities","value":0} 
[2025-03-31 14:41:50] local.INFO: Full access check {"module":"contacts","column":"contacts","value":0} 
[2025-03-31 14:41:50] local.INFO: Full access check {"module":"courses","column":"courses","value":0} 
[2025-03-31 14:41:50] local.INFO: Full access check {"module":"settings","column":"settings","value":0} 
[2025-03-31 14:41:50] local.INFO: Logging message to Betterstack {"message":"LoginSessionBo data converted to array","level":200,"context":{"user":{"name":"suraj","email":"shetty44444@gmail.com","isAuthenticated":true,"rememberToken":null,"emailVerifiedAt":null},"modules":[{"model_name":"Dashboard","model_slug":"dashboard","model_icon":"LayoutGrid"},{"model_name":"Leads","model_slug":"leads","model_icon":"Headset"},{"model_name":"Quotes","model_slug":"quotes","model_icon":"Quote"},{"model_name":"Activities","model_slug":"activities","model_icon":"SquareActivity"},{"model_name":"Contacts","model_slug":"contacts","model_icon":"Contact"},{"model_name":"Courses","model_slug":"courses","model_icon":"Book"},{"model_name":"Settings","model_slug":"settings","model_icon":"Settings"}],"fullAccessList":{"dashboard":true,"leads":true,"quotes":false,"activities":false,"contacts":false,"courses":false,"settings":false},"moduleAccessList":{"dashboard":{"view":true},"leads":{"view":true},"quotes":{"view":true},"activities":{"view":false},"contacts":{"view":false},"courses":{"view":false},"settings":{"view":false}},"sideBarMenu":[{"model_name":"Dashboard","model_slug":"dashboard","model_icon":"LayoutGrid"},{"model_name":"Leads","model_slug":"leads","model_icon":"Headset"},{"model_name":"Quotes","model_slug":"quotes","model_icon":"Quote"}]}} 
[2025-03-31 14:52:53] local.INFO: Destroying session  
[2025-03-31 16:31:16] local.ERROR: Command "seed" is not defined.

Did you mean one of these?
    db:seed
    make:seeder {"exception":"[object] (Symfony\\Component\\Console\\Exception\\CommandNotFoundException(code: 0): Command \"seed\" is not defined.

Did you mean one of these?
    db:seed
    make:seeder at /Users/surajshetty/code/laravel/shettyclasses/vendor/symfony/console/Application.php:726)
[stacktrace]
#0 /Users/surajshetty/code/laravel/shettyclasses/vendor/symfony/console/Application.php(284): Symfony\\Component\\Console\\Application->find('seed')
#1 /Users/surajshetty/code/laravel/shettyclasses/vendor/symfony/console/Application.php(193): Symfony\\Component\\Console\\Application->doRun(Object(Symfony\\Component\\Console\\Input\\ArgvInput), Object(Symfony\\Component\\Console\\Output\\ConsoleOutput))
#2 /Users/surajshetty/code/laravel/shettyclasses/vendor/laravel/framework/src/Illuminate/Foundation/Console/Kernel.php(197): Symfony\\Component\\Console\\Application->run(Object(Symfony\\Component\\Console\\Input\\ArgvInput), Object(Symfony\\Component\\Console\\Output\\ConsoleOutput))
#3 /Users/surajshetty/code/laravel/shettyclasses/vendor/laravel/framework/src/Illuminate/Foundation/Application.php(1234): Illuminate\\Foundation\\Console\\Kernel->handle(Object(Symfony\\Component\\Console\\Input\\ArgvInput), Object(Symfony\\Component\\Console\\Output\\ConsoleOutput))
#4 /Users/surajshetty/code/laravel/shettyclasses/artisan(16): Illuminate\\Foundation\\Application->handleCommand(Object(Symfony\\Component\\Console\\Input\\ArgvInput))
#5 {main}
"} 
[2025-03-31 16:31:31] local.ERROR: Class "App\Models\AccessRight" not found {"exception":"[object] (Error(code: 0): Class \"App\\Models\\AccessRight\" not found at /Users/surajshetty/code/laravel/shettyclasses/database/seeders/AccessRightSeeder.php:14)
[stacktrace]
#0 /Users/surajshetty/code/laravel/shettyclasses/vendor/laravel/framework/src/Illuminate/Container/BoundMethod.php(36): Database\\Seeders\\AccessRightSeeder->run()
#1 /Users/surajshetty/code/laravel/shettyclasses/vendor/laravel/framework/src/Illuminate/Container/Util.php(43): Illuminate\\Container\\BoundMethod::{closure:Illuminate\\Container\\BoundMethod::call():35}()
#2 /Users/surajshetty/code/laravel/shettyclasses/vendor/laravel/framework/src/Illuminate/Container/BoundMethod.php(96): Illuminate\\Container\\Util::unwrapIfClosure(Object(Closure))
#3 /Users/surajshetty/code/laravel/shettyclasses/vendor/laravel/framework/src/Illuminate/Container/BoundMethod.php(35): Illuminate\\Container\\BoundMethod::callBoundMethod(Object(Illuminate\\Foundation\\Application), Array, Object(Closure))
#4 /Users/surajshetty/code/laravel/shettyclasses/vendor/laravel/framework/src/Illuminate/Container/Container.php(754): Illuminate\\Container\\BoundMethod::call(Object(Illuminate\\Foundation\\Application), Array, Array, NULL)
#5 /Users/surajshetty/code/laravel/shettyclasses/vendor/laravel/framework/src/Illuminate/Database/Seeder.php(188): Illuminate\\Container\\Container->call(Array, Array)
#6 /Users/surajshetty/code/laravel/shettyclasses/vendor/laravel/framework/src/Illuminate/Database/Seeder.php(197): Illuminate\\Database\\Seeder->{closure:Illuminate\\Database\\Seeder::__invoke():187}()
#7 /Users/surajshetty/code/laravel/shettyclasses/vendor/laravel/framework/src/Illuminate/Database/Seeder.php(61): Illuminate\\Database\\Seeder->__invoke(Array)
#8 /Users/surajshetty/code/laravel/shettyclasses/database/seeders/DatabaseSeeder.php(16): Illuminate\\Database\\Seeder->call('Database\\\\Seeder...')
#9 /Users/surajshetty/code/laravel/shettyclasses/vendor/laravel/framework/src/Illuminate/Container/BoundMethod.php(36): Database\\Seeders\\DatabaseSeeder->run()
#10 /Users/surajshetty/code/laravel/shettyclasses/vendor/laravel/framework/src/Illuminate/Container/Util.php(43): Illuminate\\Container\\BoundMethod::{closure:Illuminate\\Container\\BoundMethod::call():35}()
#11 /Users/surajshetty/code/laravel/shettyclasses/vendor/laravel/framework/src/Illuminate/Container/BoundMethod.php(96): Illuminate\\Container\\Util::unwrapIfClosure(Object(Closure))
#12 /Users/surajshetty/code/laravel/shettyclasses/vendor/laravel/framework/src/Illuminate/Container/BoundMethod.php(35): Illuminate\\Container\\BoundMethod::callBoundMethod(Object(Illuminate\\Foundation\\Application), Array, Object(Closure))
#13 /Users/surajshetty/code/laravel/shettyclasses/vendor/laravel/framework/src/Illuminate/Container/Container.php(754): Illuminate\\Container\\BoundMethod::call(Object(Illuminate\\Foundation\\Application), Array, Array, NULL)
#14 /Users/surajshetty/code/laravel/shettyclasses/vendor/laravel/framework/src/Illuminate/Database/Seeder.php(188): Illuminate\\Container\\Container->call(Array, Array)
#15 /Users/surajshetty/code/laravel/shettyclasses/vendor/laravel/framework/src/Illuminate/Database/Seeder.php(197): Illuminate\\Database\\Seeder->{closure:Illuminate\\Database\\Seeder::__invoke():187}()
#16 /Users/surajshetty/code/laravel/shettyclasses/vendor/laravel/framework/src/Illuminate/Database/Console/Seeds/SeedCommand.php(69): Illuminate\\Database\\Seeder->__invoke()
#17 /Users/surajshetty/code/laravel/shettyclasses/vendor/laravel/framework/src/Illuminate/Database/Eloquent/Concerns/GuardsAttributes.php(155): Illuminate\\Database\\Console\\Seeds\\SeedCommand->{closure:Illuminate\\Database\\Console\\Seeds\\SeedCommand::handle():68}()
#18 /Users/surajshetty/code/laravel/shettyclasses/vendor/laravel/framework/src/Illuminate/Database/Console/Seeds/SeedCommand.php(68): Illuminate\\Database\\Eloquent\\Model::unguarded(Object(Closure))
#19 /Users/surajshetty/code/laravel/shettyclasses/vendor/laravel/framework/src/Illuminate/Container/BoundMethod.php(36): Illuminate\\Database\\Console\\Seeds\\SeedCommand->handle()
#20 /Users/surajshetty/code/laravel/shettyclasses/vendor/laravel/framework/src/Illuminate/Container/Util.php(43): Illuminate\\Container\\BoundMethod::{closure:Illuminate\\Container\\BoundMethod::call():35}()
#21 /Users/surajshetty/code/laravel/shettyclasses/vendor/laravel/framework/src/Illuminate/Container/BoundMethod.php(96): Illuminate\\Container\\Util::unwrapIfClosure(Object(Closure))
#22 /Users/surajshetty/code/laravel/shettyclasses/vendor/laravel/framework/src/Illuminate/Container/BoundMethod.php(35): Illuminate\\Container\\BoundMethod::callBoundMethod(Object(Illuminate\\Foundation\\Application), Array, Object(Closure))
#23 /Users/surajshetty/code/laravel/shettyclasses/vendor/laravel/framework/src/Illuminate/Container/Container.php(754): Illuminate\\Container\\BoundMethod::call(Object(Illuminate\\Foundation\\Application), Array, Array, NULL)
#24 /Users/surajshetty/code/laravel/shettyclasses/vendor/laravel/framework/src/Illuminate/Console/Command.php(211): Illuminate\\Container\\Container->call(Array)
#25 /Users/surajshetty/code/laravel/shettyclasses/vendor/symfony/console/Command/Command.php(279): Illuminate\\Console\\Command->execute(Object(Symfony\\Component\\Console\\Input\\ArgvInput), Object(Illuminate\\Console\\OutputStyle))
#26 /Users/surajshetty/code/laravel/shettyclasses/vendor/laravel/framework/src/Illuminate/Console/Command.php(180): Symfony\\Component\\Console\\Command\\Command->run(Object(Symfony\\Component\\Console\\Input\\ArgvInput), Object(Illuminate\\Console\\OutputStyle))
#27 /Users/surajshetty/code/laravel/shettyclasses/vendor/symfony/console/Application.php(1094): Illuminate\\Console\\Command->run(Object(Symfony\\Component\\Console\\Input\\ArgvInput), Object(Symfony\\Component\\Console\\Output\\ConsoleOutput))
#28 /Users/surajshetty/code/laravel/shettyclasses/vendor/symfony/console/Application.php(342): Symfony\\Component\\Console\\Application->doRunCommand(Object(Illuminate\\Database\\Console\\Seeds\\SeedCommand), Object(Symfony\\Component\\Console\\Input\\ArgvInput), Object(Symfony\\Component\\Console\\Output\\ConsoleOutput))
#29 /Users/surajshetty/code/laravel/shettyclasses/vendor/symfony/console/Application.php(193): Symfony\\Component\\Console\\Application->doRun(Object(Symfony\\Component\\Console\\Input\\ArgvInput), Object(Symfony\\Component\\Console\\Output\\ConsoleOutput))
#30 /Users/surajshetty/code/laravel/shettyclasses/vendor/laravel/framework/src/Illuminate/Foundation/Console/Kernel.php(197): Symfony\\Component\\Console\\Application->run(Object(Symfony\\Component\\Console\\Input\\ArgvInput), Object(Symfony\\Component\\Console\\Output\\ConsoleOutput))
#31 /Users/surajshetty/code/laravel/shettyclasses/vendor/laravel/framework/src/Illuminate/Foundation/Application.php(1234): Illuminate\\Foundation\\Console\\Kernel->handle(Object(Symfony\\Component\\Console\\Input\\ArgvInput), Object(Symfony\\Component\\Console\\Output\\ConsoleOutput))
#32 /Users/surajshetty/code/laravel/shettyclasses/artisan(16): Illuminate\\Foundation\\Application->handleCommand(Object(Symfony\\Component\\Console\\Input\\ArgvInput))
#33 {main}
"} 
[2025-04-02 10:13:20] local.INFO: Destroying session  
[2025-04-02 10:13:28] local.ERROR: Call to a member function toArray() on array {"userId":21,"exception":"[object] (Error(code: 0): Call to a member function toArray() on array at /Users/surajshetty/code/laravel/shettyclasses/app/DTO/BO/LoginSessionBo.php:53)
[stacktrace]
#0 /Users/surajshetty/code/laravel/shettyclasses/app/Services/Auth/LoginSessionService.php(45): App\\DTO\\BO\\LoginSessionBo->setModules(Array)
#1 /Users/surajshetty/code/laravel/shettyclasses/app/Services/Auth/LoginSessionService.php(31): App\\Services\\Auth\\LoginSessionService->initializeUserAndModules()
#2 /Users/surajshetty/code/laravel/shettyclasses/app/Http/Requests/Auth/LoginRequest.php(90): App\\Services\\Auth\\LoginSessionService->loginSessionProcess()
#3 /Users/surajshetty/code/laravel/shettyclasses/app/Http/Controllers/Auth/AuthenticatedSessionController.php(38): App\\Http\\Requests\\Auth\\LoginRequest->loginAccessAndProcess()
#4 /Users/surajshetty/code/laravel/shettyclasses/vendor/laravel/framework/src/Illuminate/Routing/ControllerDispatcher.php(46): App\\Http\\Controllers\\Auth\\AuthenticatedSessionController->store(Object(App\\Http\\Requests\\Auth\\LoginRequest))
#5 /Users/surajshetty/code/laravel/shettyclasses/vendor/sentry/sentry-laravel/src/Sentry/Laravel/Tracing/Routing/TracingControllerDispatcherTracing.php(21): Illuminate\\Routing\\ControllerDispatcher->dispatch(Object(Illuminate\\Routing\\Route), Object(App\\Http\\Controllers\\Auth\\AuthenticatedSessionController), 'store')
#6 /Users/surajshetty/code/laravel/shettyclasses/vendor/sentry/sentry-laravel/src/Sentry/Laravel/Tracing/Routing/TracingRoutingDispatcher.php(35): Sentry\\Laravel\\Tracing\\Routing\\TracingControllerDispatcherTracing->{closure:Sentry\\Laravel\\Tracing\\Routing\\TracingControllerDispatcherTracing::dispatch():20}()
#7 /Users/surajshetty/code/laravel/shettyclasses/vendor/sentry/sentry-laravel/src/Sentry/Laravel/Tracing/Routing/TracingControllerDispatcherTracing.php(20): Sentry\\Laravel\\Tracing\\Routing\\TracingRoutingDispatcher->wrapRouteDispatch(Object(Closure), Object(Illuminate\\Routing\\Route))
#8 /Users/surajshetty/code/laravel/shettyclasses/vendor/laravel/framework/src/Illuminate/Routing/Route.php(265): Sentry\\Laravel\\Tracing\\Routing\\TracingControllerDispatcherTracing->dispatch(Object(Illuminate\\Routing\\Route), Object(App\\Http\\Controllers\\Auth\\AuthenticatedSessionController), 'store')
#9 /Users/surajshetty/code/laravel/shettyclasses/vendor/laravel/framework/src/Illuminate/Routing/Route.php(211): Illuminate\\Routing\\Route->runController()
#10 /Users/surajshetty/code/laravel/shettyclasses/vendor/laravel/framework/src/Illuminate/Routing/Router.php(808): Illuminate\\Routing\\Route->run()
#11 /Users/surajshetty/code/laravel/shettyclasses/vendor/laravel/framework/src/Illuminate/Pipeline/Pipeline.php(169): Illuminate\\Routing\\Router->{closure:Illuminate\\Routing\\Router::runRouteWithinStack():807}(Object(Illuminate\\Http\\Request))
#12 /Users/surajshetty/code/laravel/shettyclasses/vendor/laravel/framework/src/Illuminate/Auth/Middleware/RedirectIfAuthenticated.php(35): Illuminate\\Pipeline\\Pipeline->{closure:Illuminate\\Pipeline\\Pipeline::prepareDestination():167}(Object(Illuminate\\Http\\Request))
#13 /Users/surajshetty/code/laravel/shettyclasses/vendor/laravel/framework/src/Illuminate/Pipeline/Pipeline.php(208): Illuminate\\Auth\\Middleware\\RedirectIfAuthenticated->handle(Object(Illuminate\\Http\\Request), Object(Closure))
#14 /Users/surajshetty/code/laravel/shettyclasses/vendor/laravel/framework/src/Illuminate/Http/Middleware/AddLinkHeadersForPreloadedAssets.php(20): Illuminate\\Pipeline\\Pipeline->{closure:{closure:Illuminate\\Pipeline\\Pipeline::carry():183}:184}(Object(Illuminate\\Http\\Request))
#15 /Users/surajshetty/code/laravel/shettyclasses/vendor/laravel/framework/src/Illuminate/Pipeline/Pipeline.php(208): Illuminate\\Http\\Middleware\\AddLinkHeadersForPreloadedAssets->handle(Object(Illuminate\\Http\\Request), Object(Closure))
#16 /Users/surajshetty/code/laravel/shettyclasses/vendor/inertiajs/inertia-laravel/src/Middleware.php(86): Illuminate\\Pipeline\\Pipeline->{closure:{closure:Illuminate\\Pipeline\\Pipeline::carry():183}:184}(Object(Illuminate\\Http\\Request))
#17 /Users/surajshetty/code/laravel/shettyclasses/vendor/laravel/framework/src/Illuminate/Pipeline/Pipeline.php(208): Inertia\\Middleware->handle(Object(Illuminate\\Http\\Request), Object(Closure))
#18 /Users/surajshetty/code/laravel/shettyclasses/vendor/laravel/framework/src/Illuminate/Routing/Middleware/SubstituteBindings.php(50): Illuminate\\Pipeline\\Pipeline->{closure:{closure:Illuminate\\Pipeline\\Pipeline::carry():183}:184}(Object(Illuminate\\Http\\Request))
#19 /Users/surajshetty/code/laravel/shettyclasses/vendor/laravel/framework/src/Illuminate/Pipeline/Pipeline.php(208): Illuminate\\Routing\\Middleware\\SubstituteBindings->handle(Object(Illuminate\\Http\\Request), Object(Closure))
#20 /Users/surajshetty/code/laravel/shettyclasses/vendor/laravel/framework/src/Illuminate/Foundation/Http/Middleware/VerifyCsrfToken.php(87): Illuminate\\Pipeline\\Pipeline->{closure:{closure:Illuminate\\Pipeline\\Pipeline::carry():183}:184}(Object(Illuminate\\Http\\Request))
#21 /Users/surajshetty/code/laravel/shettyclasses/vendor/laravel/framework/src/Illuminate/Pipeline/Pipeline.php(208): Illuminate\\Foundation\\Http\\Middleware\\VerifyCsrfToken->handle(Object(Illuminate\\Http\\Request), Object(Closure))
#22 /Users/surajshetty/code/laravel/shettyclasses/vendor/laravel/framework/src/Illuminate/View/Middleware/ShareErrorsFromSession.php(48): Illuminate\\Pipeline\\Pipeline->{closure:{closure:Illuminate\\Pipeline\\Pipeline::carry():183}:184}(Object(Illuminate\\Http\\Request))
#23 /Users/surajshetty/code/laravel/shettyclasses/vendor/laravel/framework/src/Illuminate/Pipeline/Pipeline.php(208): Illuminate\\View\\Middleware\\ShareErrorsFromSession->handle(Object(Illuminate\\Http\\Request), Object(Closure))
#24 /Users/surajshetty/code/laravel/shettyclasses/vendor/laravel/framework/src/Illuminate/Session/Middleware/StartSession.php(120): Illuminate\\Pipeline\\Pipeline->{closure:{closure:Illuminate\\Pipeline\\Pipeline::carry():183}:184}(Object(Illuminate\\Http\\Request))
#25 /Users/surajshetty/code/laravel/shettyclasses/vendor/laravel/framework/src/Illuminate/Session/Middleware/StartSession.php(63): Illuminate\\Session\\Middleware\\StartSession->handleStatefulRequest(Object(Illuminate\\Http\\Request), Object(Illuminate\\Session\\Store), Object(Closure))
#26 /Users/surajshetty/code/laravel/shettyclasses/vendor/laravel/framework/src/Illuminate/Pipeline/Pipeline.php(208): Illuminate\\Session\\Middleware\\StartSession->handle(Object(Illuminate\\Http\\Request), Object(Closure))
#27 /Users/surajshetty/code/laravel/shettyclasses/vendor/laravel/framework/src/Illuminate/Cookie/Middleware/AddQueuedCookiesToResponse.php(36): Illuminate\\Pipeline\\Pipeline->{closure:{closure:Illuminate\\Pipeline\\Pipeline::carry():183}:184}(Object(Illuminate\\Http\\Request))
#28 /Users/surajshetty/code/laravel/shettyclasses/vendor/laravel/framework/src/Illuminate/Pipeline/Pipeline.php(208): Illuminate\\Cookie\\Middleware\\AddQueuedCookiesToResponse->handle(Object(Illuminate\\Http\\Request), Object(Closure))
#29 /Users/surajshetty/code/laravel/shettyclasses/vendor/laravel/framework/src/Illuminate/Cookie/Middleware/EncryptCookies.php(74): Illuminate\\Pipeline\\Pipeline->{closure:{closure:Illuminate\\Pipeline\\Pipeline::carry():183}:184}(Object(Illuminate\\Http\\Request))
#30 /Users/surajshetty/code/laravel/shettyclasses/vendor/laravel/framework/src/Illuminate/Pipeline/Pipeline.php(208): Illuminate\\Cookie\\Middleware\\EncryptCookies->handle(Object(Illuminate\\Http\\Request), Object(Closure))
#31 /Users/surajshetty/code/laravel/shettyclasses/vendor/laravel/framework/src/Illuminate/Pipeline/Pipeline.php(126): Illuminate\\Pipeline\\Pipeline->{closure:{closure:Illuminate\\Pipeline\\Pipeline::carry():183}:184}(Object(Illuminate\\Http\\Request))
#32 /Users/surajshetty/code/laravel/shettyclasses/vendor/laravel/framework/src/Illuminate/Routing/Router.php(807): Illuminate\\Pipeline\\Pipeline->then(Object(Closure))
#33 /Users/surajshetty/code/laravel/shettyclasses/vendor/laravel/framework/src/Illuminate/Routing/Router.php(786): Illuminate\\Routing\\Router->runRouteWithinStack(Object(Illuminate\\Routing\\Route), Object(Illuminate\\Http\\Request))
#34 /Users/surajshetty/code/laravel/shettyclasses/vendor/laravel/framework/src/Illuminate/Routing/Router.php(750): Illuminate\\Routing\\Router->runRoute(Object(Illuminate\\Http\\Request), Object(Illuminate\\Routing\\Route))
#35 /Users/surajshetty/code/laravel/shettyclasses/vendor/laravel/framework/src/Illuminate/Routing/Router.php(739): Illuminate\\Routing\\Router->dispatchToRoute(Object(Illuminate\\Http\\Request))
#36 /Users/surajshetty/code/laravel/shettyclasses/vendor/laravel/framework/src/Illuminate/Foundation/Http/Kernel.php(200): Illuminate\\Routing\\Router->dispatch(Object(Illuminate\\Http\\Request))
#37 /Users/surajshetty/code/laravel/shettyclasses/vendor/laravel/framework/src/Illuminate/Pipeline/Pipeline.php(169): Illuminate\\Foundation\\Http\\Kernel->{closure:Illuminate\\Foundation\\Http\\Kernel::dispatchToRouter():197}(Object(Illuminate\\Http\\Request))
#38 /Users/surajshetty/code/laravel/shettyclasses/vendor/sentry/sentry-laravel/src/Sentry/Laravel/Http/FlushEventsMiddleware.php(13): Illuminate\\Pipeline\\Pipeline->{closure:Illuminate\\Pipeline\\Pipeline::prepareDestination():167}(Object(Illuminate\\Http\\Request))
#39 /Users/surajshetty/code/laravel/shettyclasses/vendor/laravel/framework/src/Illuminate/Pipeline/Pipeline.php(208): Sentry\\Laravel\\Http\\FlushEventsMiddleware->handle(Object(Illuminate\\Http\\Request), Object(Closure))
#40 /Users/surajshetty/code/laravel/shettyclasses/vendor/sentry/sentry-laravel/src/Sentry/Laravel/Http/SetRequestIpMiddleware.php(45): Illuminate\\Pipeline\\Pipeline->{closure:{closure:Illuminate\\Pipeline\\Pipeline::carry():183}:184}(Object(Illuminate\\Http\\Request))
#41 /Users/surajshetty/code/laravel/shettyclasses/vendor/laravel/framework/src/Illuminate/Pipeline/Pipeline.php(208): Sentry\\Laravel\\Http\\SetRequestIpMiddleware->handle(Object(Illuminate\\Http\\Request), Object(Closure))
#42 /Users/surajshetty/code/laravel/shettyclasses/vendor/sentry/sentry-laravel/src/Sentry/Laravel/Http/SetRequestMiddleware.php(31): Illuminate\\Pipeline\\Pipeline->{closure:{closure:Illuminate\\Pipeline\\Pipeline::carry():183}:184}(Object(Illuminate\\Http\\Request))
#43 /Users/surajshetty/code/laravel/shettyclasses/vendor/laravel/framework/src/Illuminate/Pipeline/Pipeline.php(208): Sentry\\Laravel\\Http\\SetRequestMiddleware->handle(Object(Illuminate\\Http\\Request), Object(Closure))
#44 /Users/surajshetty/code/laravel/shettyclasses/vendor/laravel/framework/src/Illuminate/Foundation/Http/Middleware/TransformsRequest.php(21): Illuminate\\Pipeline\\Pipeline->{closure:{closure:Illuminate\\Pipeline\\Pipeline::carry():183}:184}(Object(Illuminate\\Http\\Request))
#45 /Users/surajshetty/code/laravel/shettyclasses/vendor/laravel/framework/src/Illuminate/Foundation/Http/Middleware/ConvertEmptyStringsToNull.php(31): Illuminate\\Foundation\\Http\\Middleware\\TransformsRequest->handle(Object(Illuminate\\Http\\Request), Object(Closure))
#46 /Users/surajshetty/code/laravel/shettyclasses/vendor/laravel/framework/src/Illuminate/Pipeline/Pipeline.php(208): Illuminate\\Foundation\\Http\\Middleware\\ConvertEmptyStringsToNull->handle(Object(Illuminate\\Http\\Request), Object(Closure))
#47 /Users/surajshetty/code/laravel/shettyclasses/vendor/laravel/framework/src/Illuminate/Foundation/Http/Middleware/TransformsRequest.php(21): Illuminate\\Pipeline\\Pipeline->{closure:{closure:Illuminate\\Pipeline\\Pipeline::carry():183}:184}(Object(Illuminate\\Http\\Request))
#48 /Users/surajshetty/code/laravel/shettyclasses/vendor/laravel/framework/src/Illuminate/Foundation/Http/Middleware/TrimStrings.php(51): Illuminate\\Foundation\\Http\\Middleware\\TransformsRequest->handle(Object(Illuminate\\Http\\Request), Object(Closure))
#49 /Users/surajshetty/code/laravel/shettyclasses/vendor/laravel/framework/src/Illuminate/Pipeline/Pipeline.php(208): Illuminate\\Foundation\\Http\\Middleware\\TrimStrings->handle(Object(Illuminate\\Http\\Request), Object(Closure))
#50 /Users/surajshetty/code/laravel/shettyclasses/vendor/laravel/framework/src/Illuminate/Http/Middleware/ValidatePostSize.php(27): Illuminate\\Pipeline\\Pipeline->{closure:{closure:Illuminate\\Pipeline\\Pipeline::carry():183}:184}(Object(Illuminate\\Http\\Request))
#51 /Users/surajshetty/code/laravel/shettyclasses/vendor/laravel/framework/src/Illuminate/Pipeline/Pipeline.php(208): Illuminate\\Http\\Middleware\\ValidatePostSize->handle(Object(Illuminate\\Http\\Request), Object(Closure))
#52 /Users/surajshetty/code/laravel/shettyclasses/vendor/laravel/framework/src/Illuminate/Foundation/Http/Middleware/PreventRequestsDuringMaintenance.php(109): Illuminate\\Pipeline\\Pipeline->{closure:{closure:Illuminate\\Pipeline\\Pipeline::carry():183}:184}(Object(Illuminate\\Http\\Request))
#53 /Users/surajshetty/code/laravel/shettyclasses/vendor/laravel/framework/src/Illuminate/Pipeline/Pipeline.php(208): Illuminate\\Foundation\\Http\\Middleware\\PreventRequestsDuringMaintenance->handle(Object(Illuminate\\Http\\Request), Object(Closure))
#54 /Users/surajshetty/code/laravel/shettyclasses/vendor/laravel/framework/src/Illuminate/Http/Middleware/HandleCors.php(48): Illuminate\\Pipeline\\Pipeline->{closure:{closure:Illuminate\\Pipeline\\Pipeline::carry():183}:184}(Object(Illuminate\\Http\\Request))
#55 /Users/surajshetty/code/laravel/shettyclasses/vendor/laravel/framework/src/Illuminate/Pipeline/Pipeline.php(208): Illuminate\\Http\\Middleware\\HandleCors->handle(Object(Illuminate\\Http\\Request), Object(Closure))
#56 /Users/surajshetty/code/laravel/shettyclasses/vendor/laravel/framework/src/Illuminate/Http/Middleware/TrustProxies.php(58): Illuminate\\Pipeline\\Pipeline->{closure:{closure:Illuminate\\Pipeline\\Pipeline::carry():183}:184}(Object(Illuminate\\Http\\Request))
#57 /Users/surajshetty/code/laravel/shettyclasses/vendor/laravel/framework/src/Illuminate/Pipeline/Pipeline.php(208): Illuminate\\Http\\Middleware\\TrustProxies->handle(Object(Illuminate\\Http\\Request), Object(Closure))
#58 /Users/surajshetty/code/laravel/shettyclasses/vendor/laravel/framework/src/Illuminate/Foundation/Http/Middleware/InvokeDeferredCallbacks.php(22): Illuminate\\Pipeline\\Pipeline->{closure:{closure:Illuminate\\Pipeline\\Pipeline::carry():183}:184}(Object(Illuminate\\Http\\Request))
#59 /Users/surajshetty/code/laravel/shettyclasses/vendor/laravel/framework/src/Illuminate/Pipeline/Pipeline.php(208): Illuminate\\Foundation\\Http\\Middleware\\InvokeDeferredCallbacks->handle(Object(Illuminate\\Http\\Request), Object(Closure))
#60 /Users/surajshetty/code/laravel/shettyclasses/vendor/laravel/framework/src/Illuminate/Http/Middleware/ValidatePathEncoding.php(26): Illuminate\\Pipeline\\Pipeline->{closure:{closure:Illuminate\\Pipeline\\Pipeline::carry():183}:184}(Object(Illuminate\\Http\\Request))
#61 /Users/surajshetty/code/laravel/shettyclasses/vendor/laravel/framework/src/Illuminate/Pipeline/Pipeline.php(208): Illuminate\\Http\\Middleware\\ValidatePathEncoding->handle(Object(Illuminate\\Http\\Request), Object(Closure))
#62 /Users/surajshetty/code/laravel/shettyclasses/vendor/sentry/sentry-laravel/src/Sentry/Laravel/Tracing/Middleware.php(79): Illuminate\\Pipeline\\Pipeline->{closure:{closure:Illuminate\\Pipeline\\Pipeline::carry():183}:184}(Object(Illuminate\\Http\\Request))
#63 /Users/surajshetty/code/laravel/shettyclasses/vendor/laravel/framework/src/Illuminate/Pipeline/Pipeline.php(208): Sentry\\Laravel\\Tracing\\Middleware->handle(Object(Illuminate\\Http\\Request), Object(Closure))
#64 /Users/surajshetty/code/laravel/shettyclasses/vendor/laravel/framework/src/Illuminate/Pipeline/Pipeline.php(126): Illuminate\\Pipeline\\Pipeline->{closure:{closure:Illuminate\\Pipeline\\Pipeline::carry():183}:184}(Object(Illuminate\\Http\\Request))
#65 /Users/surajshetty/code/laravel/shettyclasses/vendor/laravel/framework/src/Illuminate/Foundation/Http/Kernel.php(175): Illuminate\\Pipeline\\Pipeline->then(Object(Closure))
#66 /Users/surajshetty/code/laravel/shettyclasses/vendor/laravel/framework/src/Illuminate/Foundation/Http/Kernel.php(144): Illuminate\\Foundation\\Http\\Kernel->sendRequestThroughRouter(Object(Illuminate\\Http\\Request))
#67 /Users/surajshetty/code/laravel/shettyclasses/vendor/laravel/framework/src/Illuminate/Foundation/Application.php(1219): Illuminate\\Foundation\\Http\\Kernel->handle(Object(Illuminate\\Http\\Request))
#68 /Users/surajshetty/code/laravel/shettyclasses/public/index.php(20): Illuminate\\Foundation\\Application->handleRequest(Object(Illuminate\\Http\\Request))
#69 /Users/surajshetty/code/laravel/shettyclasses/vendor/laravel/framework/src/Illuminate/Foundation/resources/server.php(23): require_once('/Users/surajshe...')
#70 {main}
"} 
[2025-04-02 10:15:18] local.INFO: Destroying session  
[2025-04-02 10:15:24] local.ERROR: Failed to process login session: Undefined array key "model_name" {"userId":21,"exception":"[object] (Exception(code: 0): Failed to process login session: Undefined array key \"model_name\" at /Users/surajshetty/code/laravel/shettyclasses/app/Services/Auth/LoginSessionService.php:37)
[stacktrace]
#0 /Users/surajshetty/code/laravel/shettyclasses/app/Http/Requests/Auth/LoginRequest.php(90): App\\Services\\Auth\\LoginSessionService->loginSessionProcess()
#1 /Users/surajshetty/code/laravel/shettyclasses/app/Http/Controllers/Auth/AuthenticatedSessionController.php(38): App\\Http\\Requests\\Auth\\LoginRequest->loginAccessAndProcess()
#2 /Users/surajshetty/code/laravel/shettyclasses/vendor/laravel/framework/src/Illuminate/Routing/ControllerDispatcher.php(46): App\\Http\\Controllers\\Auth\\AuthenticatedSessionController->store(Object(App\\Http\\Requests\\Auth\\LoginRequest))
#3 /Users/surajshetty/code/laravel/shettyclasses/vendor/sentry/sentry-laravel/src/Sentry/Laravel/Tracing/Routing/TracingControllerDispatcherTracing.php(21): Illuminate\\Routing\\ControllerDispatcher->dispatch(Object(Illuminate\\Routing\\Route), Object(App\\Http\\Controllers\\Auth\\AuthenticatedSessionController), 'store')
#4 /Users/surajshetty/code/laravel/shettyclasses/vendor/sentry/sentry-laravel/src/Sentry/Laravel/Tracing/Routing/TracingRoutingDispatcher.php(35): Sentry\\Laravel\\Tracing\\Routing\\TracingControllerDispatcherTracing->{closure:Sentry\\Laravel\\Tracing\\Routing\\TracingControllerDispatcherTracing::dispatch():20}()
#5 /Users/surajshetty/code/laravel/shettyclasses/vendor/sentry/sentry-laravel/src/Sentry/Laravel/Tracing/Routing/TracingControllerDispatcherTracing.php(20): Sentry\\Laravel\\Tracing\\Routing\\TracingRoutingDispatcher->wrapRouteDispatch(Object(Closure), Object(Illuminate\\Routing\\Route))
#6 /Users/surajshetty/code/laravel/shettyclasses/vendor/laravel/framework/src/Illuminate/Routing/Route.php(265): Sentry\\Laravel\\Tracing\\Routing\\TracingControllerDispatcherTracing->dispatch(Object(Illuminate\\Routing\\Route), Object(App\\Http\\Controllers\\Auth\\AuthenticatedSessionController), 'store')
#7 /Users/surajshetty/code/laravel/shettyclasses/vendor/laravel/framework/src/Illuminate/Routing/Route.php(211): Illuminate\\Routing\\Route->runController()
#8 /Users/surajshetty/code/laravel/shettyclasses/vendor/laravel/framework/src/Illuminate/Routing/Router.php(808): Illuminate\\Routing\\Route->run()
#9 /Users/surajshetty/code/laravel/shettyclasses/vendor/laravel/framework/src/Illuminate/Pipeline/Pipeline.php(169): Illuminate\\Routing\\Router->{closure:Illuminate\\Routing\\Router::runRouteWithinStack():807}(Object(Illuminate\\Http\\Request))
#10 /Users/surajshetty/code/laravel/shettyclasses/vendor/laravel/framework/src/Illuminate/Auth/Middleware/RedirectIfAuthenticated.php(35): Illuminate\\Pipeline\\Pipeline->{closure:Illuminate\\Pipeline\\Pipeline::prepareDestination():167}(Object(Illuminate\\Http\\Request))
#11 /Users/surajshetty/code/laravel/shettyclasses/vendor/laravel/framework/src/Illuminate/Pipeline/Pipeline.php(208): Illuminate\\Auth\\Middleware\\RedirectIfAuthenticated->handle(Object(Illuminate\\Http\\Request), Object(Closure))
#12 /Users/surajshetty/code/laravel/shettyclasses/vendor/laravel/framework/src/Illuminate/Http/Middleware/AddLinkHeadersForPreloadedAssets.php(20): Illuminate\\Pipeline\\Pipeline->{closure:{closure:Illuminate\\Pipeline\\Pipeline::carry():183}:184}(Object(Illuminate\\Http\\Request))
#13 /Users/surajshetty/code/laravel/shettyclasses/vendor/laravel/framework/src/Illuminate/Pipeline/Pipeline.php(208): Illuminate\\Http\\Middleware\\AddLinkHeadersForPreloadedAssets->handle(Object(Illuminate\\Http\\Request), Object(Closure))
#14 /Users/surajshetty/code/laravel/shettyclasses/vendor/inertiajs/inertia-laravel/src/Middleware.php(86): Illuminate\\Pipeline\\Pipeline->{closure:{closure:Illuminate\\Pipeline\\Pipeline::carry():183}:184}(Object(Illuminate\\Http\\Request))
#15 /Users/surajshetty/code/laravel/shettyclasses/vendor/laravel/framework/src/Illuminate/Pipeline/Pipeline.php(208): Inertia\\Middleware->handle(Object(Illuminate\\Http\\Request), Object(Closure))
#16 /Users/surajshetty/code/laravel/shettyclasses/vendor/laravel/framework/src/Illuminate/Routing/Middleware/SubstituteBindings.php(50): Illuminate\\Pipeline\\Pipeline->{closure:{closure:Illuminate\\Pipeline\\Pipeline::carry():183}:184}(Object(Illuminate\\Http\\Request))
#17 /Users/surajshetty/code/laravel/shettyclasses/vendor/laravel/framework/src/Illuminate/Pipeline/Pipeline.php(208): Illuminate\\Routing\\Middleware\\SubstituteBindings->handle(Object(Illuminate\\Http\\Request), Object(Closure))
#18 /Users/surajshetty/code/laravel/shettyclasses/vendor/laravel/framework/src/Illuminate/Foundation/Http/Middleware/VerifyCsrfToken.php(87): Illuminate\\Pipeline\\Pipeline->{closure:{closure:Illuminate\\Pipeline\\Pipeline::carry():183}:184}(Object(Illuminate\\Http\\Request))
#19 /Users/surajshetty/code/laravel/shettyclasses/vendor/laravel/framework/src/Illuminate/Pipeline/Pipeline.php(208): Illuminate\\Foundation\\Http\\Middleware\\VerifyCsrfToken->handle(Object(Illuminate\\Http\\Request), Object(Closure))
#20 /Users/surajshetty/code/laravel/shettyclasses/vendor/laravel/framework/src/Illuminate/View/Middleware/ShareErrorsFromSession.php(48): Illuminate\\Pipeline\\Pipeline->{closure:{closure:Illuminate\\Pipeline\\Pipeline::carry():183}:184}(Object(Illuminate\\Http\\Request))
#21 /Users/surajshetty/code/laravel/shettyclasses/vendor/laravel/framework/src/Illuminate/Pipeline/Pipeline.php(208): Illuminate\\View\\Middleware\\ShareErrorsFromSession->handle(Object(Illuminate\\Http\\Request), Object(Closure))
#22 /Users/surajshetty/code/laravel/shettyclasses/vendor/laravel/framework/src/Illuminate/Session/Middleware/StartSession.php(120): Illuminate\\Pipeline\\Pipeline->{closure:{closure:Illuminate\\Pipeline\\Pipeline::carry():183}:184}(Object(Illuminate\\Http\\Request))
#23 /Users/surajshetty/code/laravel/shettyclasses/vendor/laravel/framework/src/Illuminate/Session/Middleware/StartSession.php(63): Illuminate\\Session\\Middleware\\StartSession->handleStatefulRequest(Object(Illuminate\\Http\\Request), Object(Illuminate\\Session\\Store), Object(Closure))
#24 /Users/surajshetty/code/laravel/shettyclasses/vendor/laravel/framework/src/Illuminate/Pipeline/Pipeline.php(208): Illuminate\\Session\\Middleware\\StartSession->handle(Object(Illuminate\\Http\\Request), Object(Closure))
#25 /Users/surajshetty/code/laravel/shettyclasses/vendor/laravel/framework/src/Illuminate/Cookie/Middleware/AddQueuedCookiesToResponse.php(36): Illuminate\\Pipeline\\Pipeline->{closure:{closure:Illuminate\\Pipeline\\Pipeline::carry():183}:184}(Object(Illuminate\\Http\\Request))
#26 /Users/surajshetty/code/laravel/shettyclasses/vendor/laravel/framework/src/Illuminate/Pipeline/Pipeline.php(208): Illuminate\\Cookie\\Middleware\\AddQueuedCookiesToResponse->handle(Object(Illuminate\\Http\\Request), Object(Closure))
#27 /Users/surajshetty/code/laravel/shettyclasses/vendor/laravel/framework/src/Illuminate/Cookie/Middleware/EncryptCookies.php(74): Illuminate\\Pipeline\\Pipeline->{closure:{closure:Illuminate\\Pipeline\\Pipeline::carry():183}:184}(Object(Illuminate\\Http\\Request))
#28 /Users/surajshetty/code/laravel/shettyclasses/vendor/laravel/framework/src/Illuminate/Pipeline/Pipeline.php(208): Illuminate\\Cookie\\Middleware\\EncryptCookies->handle(Object(Illuminate\\Http\\Request), Object(Closure))
#29 /Users/surajshetty/code/laravel/shettyclasses/vendor/laravel/framework/src/Illuminate/Pipeline/Pipeline.php(126): Illuminate\\Pipeline\\Pipeline->{closure:{closure:Illuminate\\Pipeline\\Pipeline::carry():183}:184}(Object(Illuminate\\Http\\Request))
#30 /Users/surajshetty/code/laravel/shettyclasses/vendor/laravel/framework/src/Illuminate/Routing/Router.php(807): Illuminate\\Pipeline\\Pipeline->then(Object(Closure))
#31 /Users/surajshetty/code/laravel/shettyclasses/vendor/laravel/framework/src/Illuminate/Routing/Router.php(786): Illuminate\\Routing\\Router->runRouteWithinStack(Object(Illuminate\\Routing\\Route), Object(Illuminate\\Http\\Request))
#32 /Users/surajshetty/code/laravel/shettyclasses/vendor/laravel/framework/src/Illuminate/Routing/Router.php(750): Illuminate\\Routing\\Router->runRoute(Object(Illuminate\\Http\\Request), Object(Illuminate\\Routing\\Route))
#33 /Users/surajshetty/code/laravel/shettyclasses/vendor/laravel/framework/src/Illuminate/Routing/Router.php(739): Illuminate\\Routing\\Router->dispatchToRoute(Object(Illuminate\\Http\\Request))
#34 /Users/surajshetty/code/laravel/shettyclasses/vendor/laravel/framework/src/Illuminate/Foundation/Http/Kernel.php(200): Illuminate\\Routing\\Router->dispatch(Object(Illuminate\\Http\\Request))
#35 /Users/surajshetty/code/laravel/shettyclasses/vendor/laravel/framework/src/Illuminate/Pipeline/Pipeline.php(169): Illuminate\\Foundation\\Http\\Kernel->{closure:Illuminate\\Foundation\\Http\\Kernel::dispatchToRouter():197}(Object(Illuminate\\Http\\Request))
#36 /Users/surajshetty/code/laravel/shettyclasses/vendor/sentry/sentry-laravel/src/Sentry/Laravel/Http/FlushEventsMiddleware.php(13): Illuminate\\Pipeline\\Pipeline->{closure:Illuminate\\Pipeline\\Pipeline::prepareDestination():167}(Object(Illuminate\\Http\\Request))
#37 /Users/surajshetty/code/laravel/shettyclasses/vendor/laravel/framework/src/Illuminate/Pipeline/Pipeline.php(208): Sentry\\Laravel\\Http\\FlushEventsMiddleware->handle(Object(Illuminate\\Http\\Request), Object(Closure))
#38 /Users/surajshetty/code/laravel/shettyclasses/vendor/sentry/sentry-laravel/src/Sentry/Laravel/Http/SetRequestIpMiddleware.php(45): Illuminate\\Pipeline\\Pipeline->{closure:{closure:Illuminate\\Pipeline\\Pipeline::carry():183}:184}(Object(Illuminate\\Http\\Request))
#39 /Users/surajshetty/code/laravel/shettyclasses/vendor/laravel/framework/src/Illuminate/Pipeline/Pipeline.php(208): Sentry\\Laravel\\Http\\SetRequestIpMiddleware->handle(Object(Illuminate\\Http\\Request), Object(Closure))
#40 /Users/surajshetty/code/laravel/shettyclasses/vendor/sentry/sentry-laravel/src/Sentry/Laravel/Http/SetRequestMiddleware.php(31): Illuminate\\Pipeline\\Pipeline->{closure:{closure:Illuminate\\Pipeline\\Pipeline::carry():183}:184}(Object(Illuminate\\Http\\Request))
#41 /Users/surajshetty/code/laravel/shettyclasses/vendor/laravel/framework/src/Illuminate/Pipeline/Pipeline.php(208): Sentry\\Laravel\\Http\\SetRequestMiddleware->handle(Object(Illuminate\\Http\\Request), Object(Closure))
#42 /Users/surajshetty/code/laravel/shettyclasses/vendor/laravel/framework/src/Illuminate/Foundation/Http/Middleware/TransformsRequest.php(21): Illuminate\\Pipeline\\Pipeline->{closure:{closure:Illuminate\\Pipeline\\Pipeline::carry():183}:184}(Object(Illuminate\\Http\\Request))
#43 /Users/surajshetty/code/laravel/shettyclasses/vendor/laravel/framework/src/Illuminate/Foundation/Http/Middleware/ConvertEmptyStringsToNull.php(31): Illuminate\\Foundation\\Http\\Middleware\\TransformsRequest->handle(Object(Illuminate\\Http\\Request), Object(Closure))
#44 /Users/surajshetty/code/laravel/shettyclasses/vendor/laravel/framework/src/Illuminate/Pipeline/Pipeline.php(208): Illuminate\\Foundation\\Http\\Middleware\\ConvertEmptyStringsToNull->handle(Object(Illuminate\\Http\\Request), Object(Closure))
#45 /Users/surajshetty/code/laravel/shettyclasses/vendor/laravel/framework/src/Illuminate/Foundation/Http/Middleware/TransformsRequest.php(21): Illuminate\\Pipeline\\Pipeline->{closure:{closure:Illuminate\\Pipeline\\Pipeline::carry():183}:184}(Object(Illuminate\\Http\\Request))
#46 /Users/surajshetty/code/laravel/shettyclasses/vendor/laravel/framework/src/Illuminate/Foundation/Http/Middleware/TrimStrings.php(51): Illuminate\\Foundation\\Http\\Middleware\\TransformsRequest->handle(Object(Illuminate\\Http\\Request), Object(Closure))
#47 /Users/surajshetty/code/laravel/shettyclasses/vendor/laravel/framework/src/Illuminate/Pipeline/Pipeline.php(208): Illuminate\\Foundation\\Http\\Middleware\\TrimStrings->handle(Object(Illuminate\\Http\\Request), Object(Closure))
#48 /Users/surajshetty/code/laravel/shettyclasses/vendor/laravel/framework/src/Illuminate/Http/Middleware/ValidatePostSize.php(27): Illuminate\\Pipeline\\Pipeline->{closure:{closure:Illuminate\\Pipeline\\Pipeline::carry():183}:184}(Object(Illuminate\\Http\\Request))
#49 /Users/surajshetty/code/laravel/shettyclasses/vendor/laravel/framework/src/Illuminate/Pipeline/Pipeline.php(208): Illuminate\\Http\\Middleware\\ValidatePostSize->handle(Object(Illuminate\\Http\\Request), Object(Closure))
#50 /Users/surajshetty/code/laravel/shettyclasses/vendor/laravel/framework/src/Illuminate/Foundation/Http/Middleware/PreventRequestsDuringMaintenance.php(109): Illuminate\\Pipeline\\Pipeline->{closure:{closure:Illuminate\\Pipeline\\Pipeline::carry():183}:184}(Object(Illuminate\\Http\\Request))
#51 /Users/surajshetty/code/laravel/shettyclasses/vendor/laravel/framework/src/Illuminate/Pipeline/Pipeline.php(208): Illuminate\\Foundation\\Http\\Middleware\\PreventRequestsDuringMaintenance->handle(Object(Illuminate\\Http\\Request), Object(Closure))
#52 /Users/surajshetty/code/laravel/shettyclasses/vendor/laravel/framework/src/Illuminate/Http/Middleware/HandleCors.php(48): Illuminate\\Pipeline\\Pipeline->{closure:{closure:Illuminate\\Pipeline\\Pipeline::carry():183}:184}(Object(Illuminate\\Http\\Request))
#53 /Users/surajshetty/code/laravel/shettyclasses/vendor/laravel/framework/src/Illuminate/Pipeline/Pipeline.php(208): Illuminate\\Http\\Middleware\\HandleCors->handle(Object(Illuminate\\Http\\Request), Object(Closure))
#54 /Users/surajshetty/code/laravel/shettyclasses/vendor/laravel/framework/src/Illuminate/Http/Middleware/TrustProxies.php(58): Illuminate\\Pipeline\\Pipeline->{closure:{closure:Illuminate\\Pipeline\\Pipeline::carry():183}:184}(Object(Illuminate\\Http\\Request))
#55 /Users/surajshetty/code/laravel/shettyclasses/vendor/laravel/framework/src/Illuminate/Pipeline/Pipeline.php(208): Illuminate\\Http\\Middleware\\TrustProxies->handle(Object(Illuminate\\Http\\Request), Object(Closure))
#56 /Users/surajshetty/code/laravel/shettyclasses/vendor/laravel/framework/src/Illuminate/Foundation/Http/Middleware/InvokeDeferredCallbacks.php(22): Illuminate\\Pipeline\\Pipeline->{closure:{closure:Illuminate\\Pipeline\\Pipeline::carry():183}:184}(Object(Illuminate\\Http\\Request))
#57 /Users/surajshetty/code/laravel/shettyclasses/vendor/laravel/framework/src/Illuminate/Pipeline/Pipeline.php(208): Illuminate\\Foundation\\Http\\Middleware\\InvokeDeferredCallbacks->handle(Object(Illuminate\\Http\\Request), Object(Closure))
#58 /Users/surajshetty/code/laravel/shettyclasses/vendor/laravel/framework/src/Illuminate/Http/Middleware/ValidatePathEncoding.php(26): Illuminate\\Pipeline\\Pipeline->{closure:{closure:Illuminate\\Pipeline\\Pipeline::carry():183}:184}(Object(Illuminate\\Http\\Request))
#59 /Users/surajshetty/code/laravel/shettyclasses/vendor/laravel/framework/src/Illuminate/Pipeline/Pipeline.php(208): Illuminate\\Http\\Middleware\\ValidatePathEncoding->handle(Object(Illuminate\\Http\\Request), Object(Closure))
#60 /Users/surajshetty/code/laravel/shettyclasses/vendor/sentry/sentry-laravel/src/Sentry/Laravel/Tracing/Middleware.php(79): Illuminate\\Pipeline\\Pipeline->{closure:{closure:Illuminate\\Pipeline\\Pipeline::carry():183}:184}(Object(Illuminate\\Http\\Request))
#61 /Users/surajshetty/code/laravel/shettyclasses/vendor/laravel/framework/src/Illuminate/Pipeline/Pipeline.php(208): Sentry\\Laravel\\Tracing\\Middleware->handle(Object(Illuminate\\Http\\Request), Object(Closure))
#62 /Users/surajshetty/code/laravel/shettyclasses/vendor/laravel/framework/src/Illuminate/Pipeline/Pipeline.php(126): Illuminate\\Pipeline\\Pipeline->{closure:{closure:Illuminate\\Pipeline\\Pipeline::carry():183}:184}(Object(Illuminate\\Http\\Request))
#63 /Users/surajshetty/code/laravel/shettyclasses/vendor/laravel/framework/src/Illuminate/Foundation/Http/Kernel.php(175): Illuminate\\Pipeline\\Pipeline->then(Object(Closure))
#64 /Users/surajshetty/code/laravel/shettyclasses/vendor/laravel/framework/src/Illuminate/Foundation/Http/Kernel.php(144): Illuminate\\Foundation\\Http\\Kernel->sendRequestThroughRouter(Object(Illuminate\\Http\\Request))
#65 /Users/surajshetty/code/laravel/shettyclasses/vendor/laravel/framework/src/Illuminate/Foundation/Application.php(1219): Illuminate\\Foundation\\Http\\Kernel->handle(Object(Illuminate\\Http\\Request))
#66 /Users/surajshetty/code/laravel/shettyclasses/public/index.php(20): Illuminate\\Foundation\\Application->handleRequest(Object(Illuminate\\Http\\Request))
#67 /Users/surajshetty/code/laravel/shettyclasses/vendor/laravel/framework/src/Illuminate/Foundation/resources/server.php(23): require_once('/Users/surajshe...')
#68 {main}
"} 
[2025-04-02 10:22:38] local.INFO: Destroying session  
[2025-04-02 10:23:34] local.INFO: Full access check {"module":"dashboard","column":"dashboard","value":1} 
[2025-04-02 10:23:34] local.INFO: Full access check {"module":"leads","column":"leads","value":1} 
[2025-04-02 10:23:34] local.INFO: Full access check {"module":"quotes","column":"quotes","value":0} 
[2025-04-02 10:23:34] local.INFO: Full access check {"module":"activities","column":"activities","value":0} 
[2025-04-02 10:23:34] local.INFO: Full access check {"module":"contacts","column":"contacts","value":0} 
[2025-04-02 10:23:34] local.INFO: Full access check {"module":"courses","column":"courses","value":0} 
[2025-04-02 10:23:34] local.INFO: Full access check {"module":"settings","column":"settings","value":0} 
[2025-04-02 10:23:34] local.INFO: Logging message to Betterstack {"message":"LoginSessionBo data converted to array","level":200,"context":{"user":{"name":"suraj","email":"shetty44444@gmail.com","isAuthenticated":true,"rememberToken":null,"emailVerifiedAt":null},"modules":[{"model_name":"Dashboard","model_slug":"dashboard","model_icon":"LayoutGrid"},{"model_name":"Leads","model_slug":"leads","model_icon":"Headset"},{"model_name":"Quotes","model_slug":"quotes","model_icon":"Quote"},{"model_name":"Activities","model_slug":"activities","model_icon":"SquareActivity"},{"model_name":"Contacts","model_slug":"contacts","model_icon":"Contact"},{"model_name":"Courses","model_slug":"courses","model_icon":"Book"},{"model_name":"Settings","model_slug":"settings","model_icon":"Settings"}],"fullAccessList":{"dashboard":true,"leads":true,"quotes":false,"activities":false,"contacts":false,"courses":false,"settings":false},"moduleAccessList":{"dashboard":{"view":true},"leads":{"view":true},"quotes":{"view":true},"activities":{"view":false},"contacts":{"view":false},"courses":{"view":false},"settings":{"view":false}},"sideBarMenu":[{"model_name":"Dashboard","model_slug":"dashboard","model_icon":"LayoutGrid"},{"model_name":"Leads","model_slug":"leads","model_icon":"Headset"},{"model_name":"Quotes","model_slug":"quotes","model_icon":"Quote"}]}} 
